<?xml version="1.0" encoding="utf-8"?><testsuites name="pytest tests"><testsuite name="pytest" errors="0" failures="0" skipped="0" tests="14" time="2.637" timestamp="2026-04-02T11:08:06.942952+00:00" hostname="agent-env-b825922a-b23f-424c-be95-fb43d699a619"><testcase classname="backend.tests.test_referral_system.TestTeacherReferralEndpoints" name="test_get_my_referral_code" time="0.198" /><testcase classname="backend.tests.test_referral_system.TestTeacherReferralEndpoints" name="test_get_my_referrals" time="0.115" /><testcase classname="backend.tests.test_referral_system.TestTeacherReferralEndpoints" name="test_referral_requires_auth" time="0.244" /><testcase classname="backend.tests.test_referral_system.TestAdminReferralEndpoints" name="test_admin_get_teacher_referrals" time="0.216" /><testcase classname="backend.tests.test_referral_system.TestAdminReferralEndpoints" name="test_admin_set_payout_schedule_biweekly" time="0.103" /><testcase classname="backend.tests.test_referral_system.TestAdminReferralEndpoints" name="test_admin_set_payout_schedule_monthly" time="0.107" /><testcase classname="backend.tests.test_referral_system.TestAdminReferralEndpoints" name="test_admin_set_payout_schedule_invalid" time="0.107" /><testcase classname="backend.tests.test_referral_system.TestAdminReferralEndpoints" name="test_admin_record_payout" time="0.216" /><testcase classname="backend.tests.test_referral_system.TestAdminReferralEndpoints" name="test_admin_record_payout_invalid" time="0.231" /><testcase classname="backend.tests.test_referral_system.TestAdminReferralEndpoints" name="test_admin_get_payouts" time="0.098" /><testcase classname="backend.tests.test_referral_system.TestAdminReferralEndpoints" name="test_admin_referral_requires_auth" time="0.433" /><testcase classname="backend.tests.test_referral_system.TestAuthSessionWithReferral" name="test_auth_session_accepts_referral_code" time="0.237" /><testcase classname="backend.tests.test_referral_system.TestSubscriptionPlans" name="test_plans_return_master_not_enterprise" time="0.105" /><testcase classname="backend.tests.test_referral_system.TestFeatureAccess" name="test_feature_access_returns_plan_and_features" time="0.114" /></testsuite></testsuites>