<?xml version="1.0" encoding="utf-8"?><testsuites name="pytest tests"><testsuite name="pytest" errors="0" failures="0" skipped="0" tests="5" time="0.702" timestamp="2026-04-06T08:03:06.090296+00:00" hostname="agent-env-b825922a-b23f-424c-be95-fb43d699a619"><testcase classname="backend.tests.test_upload_sharing.TestUploadSharing" name="test_create_upload_shared_link" time="0.131" /><testcase classname="backend.tests.test_upload_sharing.TestUploadSharing" name="test_get_upload_shared_link_preview" time="0.104" /><testcase classname="backend.tests.test_upload_sharing.TestUploadSharing" name="test_download_upload_shared_link" time="0.215" /><testcase classname="backend.tests.test_upload_sharing.TestUploadSharing" name="test_upload_not_in_invalid_resource_types" time="0.097" /><testcase classname="backend.tests.test_upload_sharing.TestInvalidResourceType" name="test_invalid_resource_type_returns_400" time="0.095" /></testsuite></testsuites>