<?xml version="1.0" encoding="utf-8"?><testsuites name="pytest tests"><testsuite name="pytest" errors="0" failures="0" skipped="1" tests="17" time="2.107" timestamp="2026-04-03T11:58:47.674472+00:00" hostname="agent-env-b825922a-b23f-424c-be95-fb43d699a619"><testcase classname="backend.tests.test_myfiles_view_share.TestLessonViewEndpoint" name="test_zanzibar_lesson_view_returns_html" time="0.132" /><testcase classname="backend.tests.test_myfiles_view_share.TestLessonViewEndpoint" name="test_zanzibar_lesson_view_has_andalio_header" time="0.102" /><testcase classname="backend.tests.test_myfiles_view_share.TestLessonViewEndpoint" name="test_zanzibar_lesson_view_has_enrollment_table" time="0.102" /><testcase classname="backend.tests.test_myfiles_view_share.TestLessonViewEndpoint" name="test_zanzibar_lesson_view_has_lesson_development_table" time="0.103" /><testcase classname="backend.tests.test_myfiles_view_share.TestLessonViewEndpoint" name="test_zanzibar_lesson_view_has_evaluation_sections" time="0.099" /><testcase classname="backend.tests.test_myfiles_view_share.TestLessonViewEndpoint" name="test_lesson_view_no_print_button" time="0.094" /><testcase classname="backend.tests.test_myfiles_view_share.TestLessonViewEndpoint" name="test_lesson_view_no_download_button" time="0.101" /><testcase classname="backend.tests.test_myfiles_view_share.TestLessonViewEndpoint" name="test_mainland_lesson_view_returns_html" time="0.104" /><testcase classname="backend.tests.test_myfiles_view_share.TestLessonExportEndpoint" name="test_lesson_export_returns_msword_content_type" time="0.100" /><testcase classname="backend.tests.test_myfiles_view_share.TestLessonExportEndpoint" name="test_lesson_export_has_doc_extension" time="0.104" /><testcase classname="backend.tests.test_myfiles_view_share.TestLessonExportEndpoint" name="test_lesson_export_contains_html_tables" time="0.099" /><testcase classname="backend.tests.test_myfiles_view_share.TestSchemeViewEndpoint" name="test_scheme_view_returns_html" time="0.204" /><testcase classname="backend.tests.test_myfiles_view_share.TestSchemeViewEndpoint" name="test_scheme_view_no_print_button" time="0.223" /><testcase classname="backend.tests.test_myfiles_view_share.TestSchemeViewEndpoint" name="test_scheme_view_no_download_button" time="0.240" /><testcase classname="backend.tests.test_myfiles_view_share.TestUploadEndpoints" name="test_uploads_list_returns_uploads" time="0.102" /><testcase classname="backend.tests.test_myfiles_view_share.TestUploadEndpoints" name="test_upload_download_endpoint_exists" time="0.000"><skipped type="pytest.skip" message="Backend upload endpoint only stores metadata, download endpoint not implemented">/app/backend/tests/test_myfiles_view_share.py:250: Backend upload endpoint only stores metadata, download endpoint not implemented</skipped></testcase><testcase classname="backend.tests.test_myfiles_view_share.TestShareEndpoints" name="test_create_share_link_for_lesson" time="0.100" /></testsuite></testsuites>