<?xml version="1.0" encoding="utf-8"?><testsuites name="pytest tests"><testsuite name="pytest" errors="0" failures="0" skipped="2" tests="24" time="3.995" timestamp="2026-04-01T15:55:28.731439+00:00" hostname="agent-env-b825922a-b23f-424c-be95-fb43d699a619"><testcase classname="backend.tests.test_shared_links.TestSharedLinksAuthenticated" name="test_create_shared_link_free" time="0.230" /><testcase classname="backend.tests.test_shared_links.TestSharedLinksAuthenticated" name="test_create_shared_link_paid" time="0.143" /><testcase classname="backend.tests.test_shared_links.TestSharedLinksAuthenticated" name="test_create_shared_link_invalid_resource_type" time="0.132" /><testcase classname="backend.tests.test_shared_links.TestSharedLinksAuthenticated" name="test_create_shared_link_missing_resource_id" time="0.113" /><testcase classname="backend.tests.test_shared_links.TestSharedLinksAuthenticated" name="test_create_shared_link_nonexistent_resource" time="0.109" /><testcase classname="backend.tests.test_shared_links.TestSharedLinksAuthenticated" name="test_create_shared_link_unauthenticated" time="0.105" /><testcase classname="backend.tests.test_shared_links.TestSharedLinksAuthenticated" name="test_get_my_links" time="0.112" /><testcase classname="backend.tests.test_shared_links.TestSharedLinksAuthenticated" name="test_get_my_links_unauthenticated" time="0.142" /><testcase classname="backend.tests.test_shared_links.TestSharedLinksAuthenticated" name="test_disable_shared_link" time="0.342" /><testcase classname="backend.tests.test_shared_links.TestSharedLinksAuthenticated" name="test_disable_nonexistent_link" time="0.110" /><testcase classname="backend.tests.test_shared_links.TestSharedLinksPublic" name="test_get_shared_link_metadata_free" time="0.112" /><testcase classname="backend.tests.test_shared_links.TestSharedLinksPublic" name="test_get_shared_link_metadata_paid" time="0.117" /><testcase classname="backend.tests.test_shared_links.TestSharedLinksPublic" name="test_get_shared_link_metadata_expired" time="0.110" /><testcase classname="backend.tests.test_shared_links.TestSharedLinksPublic" name="test_get_shared_link_not_found" time="0.113" /><testcase classname="backend.tests.test_shared_links.TestSharedLinksPublic" name="test_rate_shared_link" time="0.130" /><testcase classname="backend.tests.test_shared_links.TestSharedLinksPublic" name="test_rate_shared_link_invalid_score" time="0.122" /><testcase classname="backend.tests.test_shared_links.TestSharedLinksPublic" name="test_rate_shared_link_missing_score" time="0.103" /><testcase classname="backend.tests.test_shared_links.TestSharedLinksPublic" name="test_rate_nonexistent_link" time="0.125" /><testcase classname="backend.tests.test_shared_links.TestSharedLinksDownload" name="test_download_shared_link_and_auto_expire" time="0.429" /><testcase classname="backend.tests.test_shared_links.TestSharedLinksDownload" name="test_download_expired_link_returns_410" time="0.411" /><testcase classname="backend.tests.test_shared_links.TestSharedLinksDownload" name="test_download_nonexistent_link_returns_404" time="0.128" /><testcase classname="backend.tests.test_shared_links.TestSharedLinksResourceTypes" name="test_create_link_for_lesson" time="0.117"><skipped type="pytest.skip" message="No lessons available to test">/app/backend/tests/test_shared_links.py:429: No lessons available to test</skipped></testcase><testcase classname="backend.tests.test_shared_links.TestSharedLinksResourceTypes" name="test_create_link_for_scheme" time="0.095"><skipped type="pytest.skip" message="No schemes available to test">/app/backend/tests/test_shared_links.py:453: No schemes available to test</skipped></testcase><testcase classname="backend.tests.test_shared_links.TestSharedLinksResourceTypes" name="test_create_link_for_dictation" time="0.237" /></testsuite></testsuites>