<?xml version="1.0" encoding="utf-8"?><testsuites name="pytest tests"><testsuite name="pytest" errors="0" failures="0" skipped="0" tests="10" time="2.137" timestamp="2026-04-03T14:35:21.820593+00:00" hostname="agent-env-b825922a-b23f-424c-be95-fb43d699a619"><testcase classname="backend.tests.test_rebranding.TestPWAAssets" name="test_manifest_json_accessible" time="0.251" /><testcase classname="backend.tests.test_rebranding.TestPWAAssets" name="test_service_worker_accessible" time="0.116" /><testcase classname="backend.tests.test_rebranding.TestPWAAssets" name="test_pwa_icon_192_exists" time="0.707" /><testcase classname="backend.tests.test_rebranding.TestPWAAssets" name="test_pwa_icon_512_exists" time="0.161" /><testcase classname="backend.tests.test_rebranding.TestPWAAssets" name="test_favicon_exists" time="0.210" /><testcase classname="backend.tests.test_rebranding.TestPWAAssets" name="test_logo_exists" time="0.107" /><testcase classname="backend.tests.test_rebranding.TestReferralLinks" name="test_referral_my_code_returns_correct_domain" time="0.117" /><testcase classname="backend.tests.test_rebranding.TestBrandingInHTML" name="test_login_page_title" time="0.179" /><testcase classname="backend.tests.test_rebranding.TestBrandingInHTML" name="test_no_emergent_badge_in_html" time="0.100" /><testcase classname="backend.tests.test_rebranding.TestAPIHealth" name="test_api_health" time="0.116" /></testsuite></testsuites>