<?xml version="1.0" encoding="utf-8"?><testsuites name="pytest tests"><testsuite name="pytest" errors="0" failures="0" skipped="0" tests="12" time="3.820" timestamp="2026-04-01T13:05:57.690685+00:00" hostname="agent-env-b825922a-b23f-424c-be95-fb43d699a619"><testcase classname="tests.test_iteration6_features.TestProfileAPIs" name="test_get_profile_returns_user_data" time="0.173" /><testcase classname="tests.test_iteration6_features.TestProfileAPIs" name="test_update_profile_fields" time="0.152" /><testcase classname="tests.test_iteration6_features.TestProfileAPIs" name="test_upload_profile_picture" time="0.140" /><testcase classname="tests.test_iteration6_features.TestProfileAPIs" name="test_auth_me_returns_custom_picture" time="0.150" /><testcase classname="tests.test_iteration6_features.TestMyFilesAPIs" name="test_get_lessons" time="0.106" /><testcase classname="tests.test_iteration6_features.TestMyFilesAPIs" name="test_get_notes" time="0.112" /><testcase classname="tests.test_iteration6_features.TestMyFilesAPIs" name="test_get_dictations" time="0.099" /><testcase classname="tests.test_iteration6_features.TestMyFilesAPIs" name="test_get_uploads" time="0.112" /><testcase classname="tests.test_iteration6_features.TestMyFilesAPIs" name="test_create_dictation" time="0.104" /><testcase classname="tests.test_iteration6_features.TestMyFilesAPIs" name="test_dictation_generate_audio" time="2.358" /><testcase classname="tests.test_iteration6_features.TestHealthAndAuth" name="test_health_endpoint" time="0.100" /><testcase classname="tests.test_iteration6_features.TestHealthAndAuth" name="test_auth_without_token_returns_401" time="0.126" /></testsuite></testsuites>