<?xml version="1.0" encoding="utf-8"?><testsuites name="pytest tests"><testsuite name="pytest" errors="0" failures="0" skipped="0" tests="17" time="11.955" timestamp="2026-04-01T12:24:44.279584+00:00" hostname="agent-env-b825922a-b23f-424c-be95-fb43d699a619"><testcase classname="backend.tests.test_new_features.TestHealthAndAuth" name="test_health_endpoint" time="0.185" /><testcase classname="backend.tests.test_new_features.TestHealthAndAuth" name="test_auth_me_with_valid_token" time="0.144" /><testcase classname="backend.tests.test_new_features.TestHealthAndAuth" name="test_auth_me_without_token" time="0.108" /><testcase classname="backend.tests.test_new_features.TestTTSDictation" name="test_tts_english_gb" time="3.244" /><testcase classname="backend.tests.test_new_features.TestTTSDictation" name="test_tts_swahili" time="1.706" /><testcase classname="backend.tests.test_new_features.TestTTSDictation" name="test_tts_arabic" time="1.784" /><testcase classname="backend.tests.test_new_features.TestTTSDictation" name="test_tts_turkish" time="1.147" /><testcase classname="backend.tests.test_new_features.TestTTSDictation" name="test_tts_french" time="2.240" /><testcase classname="backend.tests.test_new_features.TestTTSDictation" name="test_tts_empty_text_rejected" time="0.123" /><testcase classname="backend.tests.test_new_features.TestTTSDictation" name="test_tts_word_limit_enforced" time="0.146" /><testcase classname="backend.tests.test_new_features.TestTTSDictation" name="test_tts_requires_auth" time="0.099" /><testcase classname="backend.tests.test_new_features.TestNotesEndpoint" name="test_create_note_success" time="0.097" /><testcase classname="backend.tests.test_new_features.TestNotesEndpoint" name="test_get_notes" time="0.103" /><testcase classname="backend.tests.test_new_features.TestNotesEndpoint" name="test_create_note_requires_auth" time="0.115" /><testcase classname="backend.tests.test_new_features.TestNotesEndpoint" name="test_delete_note" time="0.216" /><testcase classname="backend.tests.test_new_features.TestDictationsEndpoint" name="test_save_dictation" time="0.112" /><testcase classname="backend.tests.test_new_features.TestDictationsEndpoint" name="test_get_dictations" time="0.301" /></testsuite></testsuites>