<?xml version="1.0" encoding="utf-8"?><testsuites name="pytest tests"><testsuite name="pytest" errors="0" failures="0" skipped="0" tests="15" time="2.869" timestamp="2026-04-03T11:32:42.671158+00:00" hostname="agent-env-b825922a-b23f-424c-be95-fb43d699a619"><testcase classname="backend.tests.test_admin_analytics_content.TestAdminAnalyticsContent" name="test_analytics_overview_returns_user_growth" time="0.291" /><testcase classname="backend.tests.test_admin_analytics_content.TestAdminAnalyticsContent" name="test_analytics_overview_returns_lesson_trends" time="0.181" /><testcase classname="backend.tests.test_admin_analytics_content.TestAdminAnalyticsContent" name="test_analytics_overview_returns_subscription_distribution" time="0.164" /><testcase classname="backend.tests.test_admin_analytics_content.TestAdminAnalyticsContent" name="test_analytics_overview_returns_popular_subjects" time="0.143" /><testcase classname="backend.tests.test_admin_analytics_content.TestAdminAnalyticsContent" name="test_analytics_content_returns_content_stats" time="0.155" /><testcase classname="backend.tests.test_admin_analytics_content.TestAdminAnalyticsContent" name="test_analytics_content_returns_most_active_users" time="0.224" /><testcase classname="backend.tests.test_admin_analytics_content.TestAdminAnalyticsContent" name="test_analytics_revenue_returns_revenue_breakdown" time="0.155" /><testcase classname="backend.tests.test_admin_analytics_content.TestAdminAnalyticsContent" name="test_content_lessons_returns_lessons_array" time="0.152" /><testcase classname="backend.tests.test_admin_analytics_content.TestAdminAnalyticsContent" name="test_content_lessons_returns_total_count" time="0.161" /><testcase classname="backend.tests.test_admin_analytics_content.TestAdminAnalyticsContent" name="test_content_lessons_pagination" time="0.153" /><testcase classname="backend.tests.test_admin_analytics_content.TestAdminAnalyticsContent" name="test_content_lessons_structure" time="0.148" /><testcase classname="backend.tests.test_admin_analytics_content.TestAdminAnalyticsContent" name="test_delete_lesson_nonexistent_returns_404" time="0.153" /><testcase classname="backend.tests.test_admin_analytics_content.TestAdminAnalyticsContent" name="test_analytics_overview_requires_auth" time="0.185" /><testcase classname="backend.tests.test_admin_analytics_content.TestAdminAnalyticsContent" name="test_analytics_content_requires_auth" time="0.199" /><testcase classname="backend.tests.test_admin_analytics_content.TestAdminAnalyticsContent" name="test_content_lessons_requires_auth" time="0.226" /></testsuite></testsuites>