<?xml version="1.0" encoding="utf-8"?><testsuites name="pytest tests"><testsuite name="pytest" errors="0" failures="0" skipped="1" tests="13" time="5.917" timestamp="2026-04-03T12:57:09.552114+00:00" hostname="agent-env-b825922a-b23f-424c-be95-fb43d699a619"><testcase classname="backend.tests.test_myfiles_endpoints.TestLessonsEndpoints" name="test_get_lessons_list" time="0.220" /><testcase classname="backend.tests.test_myfiles_endpoints.TestLessonsEndpoints" name="test_zanzibar_lesson_view_html" time="0.141" /><testcase classname="backend.tests.test_myfiles_endpoints.TestLessonsEndpoints" name="test_mainland_lesson_view_html_4_stages" time="0.103" /><testcase classname="backend.tests.test_myfiles_endpoints.TestLessonsEndpoints" name="test_lesson_export_doc" time="0.110" /><testcase classname="backend.tests.test_myfiles_endpoints.TestTemplatesEndpoints" name="test_get_templates_list" time="0.097" /><testcase classname="backend.tests.test_myfiles_endpoints.TestTemplatesEndpoints" name="test_template_view_html_with_images" time="0.163" /><testcase classname="backend.tests.test_myfiles_endpoints.TestTemplatesEndpoints" name="test_template_export_doc" time="0.144" /><testcase classname="backend.tests.test_myfiles_endpoints.TestUploadsEndpoints" name="test_get_uploads_excludes_file_data" time="0.103" /><testcase classname="backend.tests.test_myfiles_endpoints.TestUploadsEndpoints" name="test_upload_download_returns_file" time="0.180" /><testcase classname="backend.tests.test_myfiles_endpoints.TestDictationsEndpoints" name="test_get_dictations_list" time="0.112" /><testcase classname="backend.tests.test_myfiles_endpoints.TestDictationsEndpoints" name="test_dictation_download_returns_mp3" time="4.194" /><testcase classname="backend.tests.test_myfiles_endpoints.TestSchemesEndpoints" name="test_get_schemes_list" time="0.136" /><testcase classname="backend.tests.test_myfiles_endpoints.TestSchemesEndpoints" name="test_scheme_view_no_buttons" time="0.101"><skipped type="pytest.skip" message="No schemes found - skipping view test">/app/backend/tests/test_myfiles_endpoints.py:294: No schemes found - skipping view test</skipped></testcase></testsuite></testsuites>