<?xml version="1.0" encoding="utf-8"?><testsuites name="pytest tests"><testsuite name="pytest" errors="0" failures="0" skipped="0" tests="16" time="9.564" timestamp="2026-04-04T11:04:49.649634+00:00" hostname="agent-env-b825922a-b23f-424c-be95-fb43d699a619"><testcase classname="backend.tests.test_iteration19.TestBrandingAndPWA" name="test_manifest_json_short_name" time="0.197" /><testcase classname="backend.tests.test_iteration19.TestBrandingAndPWA" name="test_manifest_json_name" time="0.110" /><testcase classname="backend.tests.test_iteration19.TestBrandingAndPWA" name="test_service_worker_cache_name" time="0.139" /><testcase classname="backend.tests.test_iteration19.TestBrandingAndPWA" name="test_api_health" time="0.101" /><testcase classname="backend.tests.test_iteration19.TestBrandingAndPWA" name="test_login_page_accessible" time="0.103" /><testcase classname="backend.tests.test_iteration19.TestReferralLinks" name="test_referral_code_endpoint" time="0.101" /><testcase classname="backend.tests.test_iteration19.TestDictationSharedLinkDownload" name="test_create_dictation_and_share_link" time="5.133" /><testcase classname="backend.tests.test_iteration19.TestDictationSharedLinkDownload" name="test_existing_dictation_download_content_type" time="2.714" /><testcase classname="backend.tests.test_iteration19.TestFrontendBranding" name="test_login_page_h1_branding" time="0.101" /><testcase classname="backend.tests.test_iteration19.TestFrontendBranding" name="test_admin_login_page" time="0.111" /><testcase classname="backend.tests.test_iteration19.TestFrontendBranding" name="test_shared_view_page" time="0.097" /><testcase classname="backend.tests.test_iteration19.TestMyFilesAPI" name="test_lessons_endpoint" time="0.093" /><testcase classname="backend.tests.test_iteration19.TestMyFilesAPI" name="test_dictations_endpoint" time="0.126" /><testcase classname="backend.tests.test_iteration19.TestMyFilesAPI" name="test_uploads_endpoint" time="0.100" /><testcase classname="backend.tests.test_iteration19.TestMyFilesAPI" name="test_schemes_endpoint" time="0.110" /><testcase classname="backend.tests.test_iteration19.TestMyFilesAPI" name="test_templates_endpoint" time="0.100" /></testsuite></testsuites>