<?xml version="1.0" encoding="utf-8"?><testsuites name="pytest tests"><testsuite name="pytest" errors="0" failures="0" skipped="0" tests="10" time="2.438" timestamp="2026-04-01T13:18:10.432035+00:00" hostname="agent-env-b825922a-b23f-424c-be95-fb43d699a619"><testcase classname="backend.tests.test_iteration7_scheme_crud.TestSchemeOfWorkCRUD" name="test_create_scheme" time="0.217" /><testcase classname="backend.tests.test_iteration7_scheme_crud.TestSchemeOfWorkCRUD" name="test_get_schemes" time="0.114" /><testcase classname="backend.tests.test_iteration7_scheme_crud.TestSchemeOfWorkCRUD" name="test_delete_scheme" time="0.379" /><testcase classname="backend.tests.test_iteration7_scheme_crud.TestDeleteOperations" name="test_delete_lesson" time="0.200" /><testcase classname="backend.tests.test_iteration7_scheme_crud.TestDeleteOperations" name="test_delete_note" time="0.240" /><testcase classname="backend.tests.test_iteration7_scheme_crud.TestDeleteOperations" name="test_delete_dictation" time="0.310" /><testcase classname="backend.tests.test_iteration7_scheme_crud.TestDeleteOperations" name="test_delete_upload" time="0.203" /><testcase classname="backend.tests.test_iteration7_scheme_crud.TestSchemeDataValidation" name="test_create_scheme_with_empty_competencies" time="0.244" /><testcase classname="backend.tests.test_iteration7_scheme_crud.TestSchemeDataValidation" name="test_create_scheme_tanzania_mainland" time="0.203" /><testcase classname="backend.tests.test_iteration7_scheme_crud.TestCleanup" name="test_cleanup_test_schemes" time="0.253" /></testsuite></testsuites>