<?xml version="1.0" encoding="utf-8"?><testsuites name="pytest tests"><testsuite name="pytest" errors="0" failures="0" skipped="0" tests="12" time="1.738" timestamp="2026-04-04T12:10:58.802595+00:00" hostname="agent-env-b825922a-b23f-424c-be95-fb43d699a619"><testcase classname="backend.tests.test_google_oauth.TestGoogleAuthEndpoint" name="test_google_auth_missing_credential" time="0.217" /><testcase classname="backend.tests.test_google_oauth.TestGoogleAuthEndpoint" name="test_google_auth_invalid_token" time="0.151" /><testcase classname="backend.tests.test_google_oauth.TestGoogleAuthEndpoint" name="test_google_auth_endpoint_exists" time="0.160" /><testcase classname="backend.tests.test_google_oauth.TestAuthMe" name="test_auth_me_with_valid_session" time="0.115" /><testcase classname="backend.tests.test_google_oauth.TestAuthMe" name="test_auth_me_without_session" time="0.132" /><testcase classname="backend.tests.test_google_oauth.TestAuthMe" name="test_auth_me_with_invalid_session" time="0.101" /><testcase classname="backend.tests.test_google_oauth.TestAuthLogout" name="test_logout_endpoint_exists" time="0.110" /><testcase classname="backend.tests.test_google_oauth.TestAdminLogin" name="test_admin_login_works" time="0.159" /><testcase classname="backend.tests.test_google_oauth.TestAdminLogin" name="test_admin_login_invalid_credentials" time="0.136" /><testcase classname="backend.tests.test_google_oauth.TestManifestAndStaticAssets" name="test_manifest_json_accessible" time="0.129" /><testcase classname="backend.tests.test_google_oauth.TestManifestAndStaticAssets" name="test_login_page_accessible" time="0.148" /><testcase classname="backend.tests.test_google_oauth.TestNoBrandingLeaks" name="test_no_emergent_text_in_login_html" time="0.107" /></testsuite></testsuites>