<?xml version="1.0" encoding="utf-8"?><testsuites name="pytest tests"><testsuite name="pytest" errors="0" failures="1" skipped="0" tests="8" time="229.202" timestamp="2026-04-16T12:11:32.175972+00:00" hostname="agent-env-b825922a-b23f-424c-be95-fb43d699a619"><testcase classname="backend.tests.test_scheme_topics_rows.TestSchemeGenerateTopicsField" name="test_scheme_generate_accepts_topics_field" time="47.089" /><testcase classname="backend.tests.test_scheme_topics_rows.TestSchemeGenerateNumRowsCap" name="test_num_rows_accepts_35" time="60.211" /><testcase classname="backend.tests.test_scheme_topics_rows.TestSchemeGenerateNumRowsCap" name="test_num_rows_accepts_60" time="0.647" /><testcase classname="backend.tests.test_scheme_topics_rows.TestSchemeGenerateNumRowsCap" name="test_num_rows_capped_at_60" time="0.465"><failure message="AssertionError: Unexpected error for num_rows=100: 500&#10;assert 500 in [200, 502, 504]&#10; +  where 500 = &lt;Response [500]&gt;.status_code">backend/tests/test_scheme_topics_rows.py:89: in test_num_rows_capped_at_60
    assert response.status_code in [200, 502, 504], f"Unexpected error for num_rows=100: {response.status_code}"
E   AssertionError: Unexpected error for num_rows=100: 500
E   assert 500 in [200, 502, 504]
E    +  where 500 = &lt;Response [500]&gt;.status_code</failure></testcase><testcase classname="backend.tests.test_scheme_topics_rows.TestArabicLessonGeneration" name="test_arabic_subject_detection" time="60.107" /><testcase classname="backend.tests.test_scheme_topics_rows.TestArabicLessonGeneration" name="test_arabic_scheme_generation" time="60.205" /><testcase classname="backend.tests.test_scheme_topics_rows.TestSchemeGenerateValidation" name="test_requires_subject" time="0.226" /><testcase classname="backend.tests.test_scheme_topics_rows.TestSchemeGenerateValidation" name="test_requires_class" time="0.153" /></testsuite></testsuites>