<?xml version="1.0" encoding="utf-8"?><testsuites name="pytest tests"><testsuite name="pytest" errors="0" failures="0" skipped="0" tests="20" time="1.980" timestamp="2026-04-02T10:41:08.218146+00:00" hostname="agent-env-b825922a-b23f-424c-be95-fb43d699a619"><testcase classname="backend.tests.test_tier_gating.TestSubscriptionPlans" name="test_plans_returns_three_plans" time="0.130" /><testcase classname="backend.tests.test_tier_gating.TestSubscriptionPlans" name="test_plans_are_basic_premium_master" time="0.093" /><testcase classname="backend.tests.test_tier_gating.TestSubscriptionPlans" name="test_plans_have_correct_tzs_prices" time="0.105" /><testcase classname="backend.tests.test_tier_gating.TestSubscriptionPlans" name="test_plans_have_tzs_currency" time="0.103" /><testcase classname="backend.tests.test_tier_gating.TestSubscriptionCheckout" name="test_checkout_accepts_master_plan" time="0.725" /><testcase classname="backend.tests.test_tier_gating.TestSubscriptionCheckout" name="test_checkout_rejects_enterprise_plan" time="0.113" /><testcase classname="backend.tests.test_tier_gating.TestSubscriptionCheckout" name="test_checkout_requires_auth" time="0.102" /><testcase classname="backend.tests.test_tier_gating.TestFeatureAccess" name="test_feature_access_returns_plan" time="0.111" /><testcase classname="backend.tests.test_tier_gating.TestFeatureAccess" name="test_feature_access_returns_features_array" time="0.099" /><testcase classname="backend.tests.test_tier_gating.TestFeatureAccess" name="test_feature_access_returns_lesson_usage" time="0.104" /><testcase classname="backend.tests.test_tier_gating.TestFeatureAccess" name="test_premium_user_has_10_features" time="0.108" /><testcase classname="backend.tests.test_tier_gating.TestFeatureAccess" name="test_premium_user_has_unlimited_lessons" time="0.111" /><testcase classname="backend.tests.test_tier_gating.TestPlanFeatureMapping" name="test_free_tier_features_count" time="0.000" /><testcase classname="backend.tests.test_tier_gating.TestPlanFeatureMapping" name="test_basic_tier_features_count" time="0.000" /><testcase classname="backend.tests.test_tier_gating.TestPlanFeatureMapping" name="test_premium_tier_features_count" time="0.000" /><testcase classname="backend.tests.test_tier_gating.TestPlanFeatureMapping" name="test_master_tier_features_count" time="0.000" /><testcase classname="backend.tests.test_tier_gating.TestPlanLimits" name="test_free_limit_is_10" time="0.000" /><testcase classname="backend.tests.test_tier_gating.TestPlanLimits" name="test_basic_limit_is_50" time="0.000" /><testcase classname="backend.tests.test_tier_gating.TestPlanLimits" name="test_premium_limit_is_unlimited" time="0.000" /><testcase classname="backend.tests.test_tier_gating.TestPlanLimits" name="test_master_limit_is_unlimited" time="0.000" /></testsuite></testsuites>