<?xml version="1.0" encoding="utf-8"?><testsuites name="pytest tests"><testsuite name="pytest" errors="0" failures="0" skipped="0" tests="17" time="2.854" timestamp="2026-04-01T14:32:00.178650+00:00" hostname="agent-env-b825922a-b23f-424c-be95-fb43d699a619"><testcase classname="backend.tests.test_iteration8_templates.TestTemplatesGetEndpoint" name="test_get_templates_returns_200" time="0.205" /><testcase classname="backend.tests.test_iteration8_templates.TestTemplatesGetEndpoint" name="test_get_templates_returns_6_templates" time="0.159" /><testcase classname="backend.tests.test_iteration8_templates.TestTemplatesGetEndpoint" name="test_templates_have_correct_types" time="0.157" /><testcase classname="backend.tests.test_iteration8_templates.TestTemplatesGetEndpoint" name="test_templates_have_required_fields" time="0.177" /><testcase classname="backend.tests.test_iteration8_templates.TestTemplatesGetEndpoint" name="test_geography_template_has_questions_field" time="0.112" /><testcase classname="backend.tests.test_iteration8_templates.TestTemplatesPostEndpoint" name="test_save_template_returns_200" time="0.120" /><testcase classname="backend.tests.test_iteration8_templates.TestTemplatesPostEndpoint" name="test_save_template_returns_saved_data" time="0.102" /><testcase classname="backend.tests.test_iteration8_templates.TestTemplatesPostEndpoint" name="test_save_geography_template_with_questions" time="0.110" /><testcase classname="backend.tests.test_iteration8_templates.TestTemplatesPostEndpoint" name="test_saved_template_persists_in_get" time="0.212" /><testcase classname="backend.tests.test_iteration8_templates.TestTemplatesExportEndpoint" name="test_export_basic_template_returns_msword" time="0.137" /><testcase classname="backend.tests.test_iteration8_templates.TestTemplatesExportEndpoint" name="test_export_returns_content_disposition" time="0.108" /><testcase classname="backend.tests.test_iteration8_templates.TestTemplatesExportEndpoint" name="test_export_scientific_template" time="0.438" /><testcase classname="backend.tests.test_iteration8_templates.TestTemplatesExportEndpoint" name="test_export_geography_with_questions" time="0.117" /><testcase classname="backend.tests.test_iteration8_templates.TestTemplatesExportEndpoint" name="test_export_math_template_has_monospace" time="0.116" /><testcase classname="backend.tests.test_iteration8_templates.TestTemplatesDeleteEndpoint" name="test_delete_template_returns_200" time="0.159" /><testcase classname="backend.tests.test_iteration8_templates.TestTemplatesUnauthorized" name="test_get_templates_without_auth_returns_401" time="0.133" /><testcase classname="backend.tests.test_iteration8_templates.TestTemplatesUnauthorized" name="test_post_templates_without_auth_returns_401" time="0.114" /></testsuite></testsuites>