<?xml version="1.0" encoding="utf-8"?><testsuites name="pytest tests"><testsuite name="pytest" errors="0" failures="2" skipped="0" tests="11" time="4.266" timestamp="2026-04-02T06:09:00.560699+00:00" hostname="agent-env-b825922a-b23f-424c-be95-fb43d699a619"><testcase classname="backend.tests.test_admin_pesapal.TestAdminLogin" name="test_admin_login_success" time="0.215" /><testcase classname="backend.tests.test_admin_pesapal.TestAdminLogin" name="test_admin_login_redjohn" time="0.108" /><testcase classname="backend.tests.test_admin_pesapal.TestAdminLogin" name="test_admin_login_invalid_credentials" time="0.095" /><testcase classname="backend.tests.test_admin_pesapal.TestAdminLogin" name="test_admin_login_missing_fields" time="0.116" /><testcase classname="backend.tests.test_admin_pesapal.TestAdminLogin" name="test_admin_dashboard_navigation" time="0.221" /><testcase classname="backend.tests.test_admin_pesapal.TestSubscriptionPlans" name="test_get_subscription_plans" time="0.095" /><testcase classname="backend.tests.test_admin_pesapal.TestPesaPalCheckout" name="test_checkout_requires_auth" time="0.101" /><testcase classname="backend.tests.test_admin_pesapal.TestPesaPalCheckout" name="test_checkout_basic_plan" time="1.572" /><testcase classname="backend.tests.test_admin_pesapal.TestPesaPalCheckout" name="test_checkout_premium_plan" time="0.797"><failure message="AssertionError: Expected 200, got 502: {&quot;detail&quot;:&quot;PesaPal error: Problem: parameter_rejected | Advice: invalid_value_amount_exceeds_limit&gt; oauth_parameters_rejected | 19999&quot;}&#10;assert 502 == 200&#10; +  where 502 = &lt;Response [502]&gt;.status_code">backend/tests/test_admin_pesapal.py:177: in test_checkout_premium_plan
    assert response.status_code == 200, f"Expected 200, got {response.status_code}: {response.text}"
E   AssertionError: Expected 200, got 502: {"detail":"PesaPal error: Problem: parameter_rejected | Advice: invalid_value_amount_exceeds_limit&gt; oauth_parameters_rejected | 19999"}
E   assert 502 == 200
E    +  where 502 = &lt;Response [502]&gt;.status_code</failure></testcase><testcase classname="backend.tests.test_admin_pesapal.TestPesaPalCheckout" name="test_checkout_enterprise_plan" time="0.719"><failure message="AssertionError: Expected 200, got 502: {&quot;detail&quot;:&quot;PesaPal error: Problem: parameter_rejected | Advice: invalid_value_amount_exceeds_limit&gt; oauth_parameters_rejected | 29999&quot;}&#10;assert 502 == 200&#10; +  where 502 = &lt;Response [502]&gt;.status_code">backend/tests/test_admin_pesapal.py:194: in test_checkout_enterprise_plan
    assert response.status_code == 200, f"Expected 200, got {response.status_code}: {response.text}"
E   AssertionError: Expected 200, got 502: {"detail":"PesaPal error: Problem: parameter_rejected | Advice: invalid_value_amount_exceeds_limit&gt; oauth_parameters_rejected | 29999"}
E   assert 502 == 200
E    +  where 502 = &lt;Response [502]&gt;.status_code</failure></testcase><testcase classname="backend.tests.test_admin_pesapal.TestPesaPalCheckout" name="test_checkout_invalid_plan" time="0.110" /></testsuite></testsuites>