<?xml version="1.0" encoding="utf-8"?><testsuites name="pytest tests"><testsuite name="pytest" errors="0" failures="0" skipped="0" tests="12" time="1.759" timestamp="2026-04-16T13:11:01.624876+00:00" hostname="agent-env-b825922a-b23f-424c-be95-fb43d699a619"><testcase classname="backend.tests.test_bearer_auth.TestBearerTokenAuth" name="test_auth_me_with_bearer_token" time="0.201" /><testcase classname="backend.tests.test_bearer_auth.TestBearerTokenAuth" name="test_auth_me_without_token_returns_401" time="0.155" /><testcase classname="backend.tests.test_bearer_auth.TestBearerTokenAuth" name="test_auth_me_with_invalid_token_returns_401" time="0.177" /><testcase classname="backend.tests.test_bearer_auth.TestBearerTokenAuth" name="test_protected_endpoint_with_bearer_token" time="0.117" /><testcase classname="backend.tests.test_bearer_auth.TestBearerTokenAuth" name="test_protected_endpoint_without_token_returns_401" time="0.125" /><testcase classname="backend.tests.test_bearer_auth.TestCORSHeaders" name="test_cors_no_credentials_header" time="0.077" /><testcase classname="backend.tests.test_bearer_auth.TestCORSHeaders" name="test_cors_allows_authorization_header" time="0.075" /><testcase classname="backend.tests.test_bearer_auth.TestGoogleAuthResponse" name="test_google_auth_endpoint_exists" time="0.166" /><testcase classname="backend.tests.test_bearer_auth.TestSchemeEndpointsWithBearer" name="test_get_schemes_with_bearer" time="0.135" /><testcase classname="backend.tests.test_bearer_auth.TestSchemeEndpointsWithBearer" name="test_get_schemes_without_token_returns_401" time="0.204" /><testcase classname="backend.tests.test_bearer_auth.TestMyFilesEndpointsWithBearer" name="test_get_uploads_with_bearer" time="0.119" /><testcase classname="backend.tests.test_bearer_auth.TestMyFilesEndpointsWithBearer" name="test_get_dictations_with_bearer" time="0.116" /></testsuite></testsuites>